Checking whether the ASM compiler is GNU using "--version" did not match "(GNU assembler)|(GCC)|(Free Software Foundation)":
Apple clang version 14.0.0 (clang-1400.0.29.202)
Target: x86_64-apple-darwin22.2.0
Thread model: posix
InstalledDir: /Applications/Xcode.app/Contents/Developer/Toolchains/XcodeDefault.xctoolchain/usr/bin
Performing C SOURCE FILE Test LD_FLAG_Z_NOEXECSTACK failed with the following output:
Change Dir: ../cmake/CMakeFiles/CMakeScratch/TryCompile-tb49E9

Run Build Command(s):/usr/bin/xcodebuild -project CMAKE_TRY_COMPILE.xcodeproj build -target cmTC_b8fa7 -parallelizeTargets -configuration Debug -hideShellScriptEnvironment && Command line invocation:
    /Applications/Xcode.app/Contents/Developer/usr/bin/xcodebuild -project CMAKE_TRY_COMPILE.xcodeproj build -target cmTC_b8fa7 -parallelizeTargets -configuration Debug -hideShellScriptEnvironment

User defaults from command line:
    HideShellScriptEnvironment = YES
    IDEPackageSupportUseBuiltinSCM = YES

Computing target dependency graph and provisioning inputs

Create build description
Build description signature: 1d056690dca1d4ac4d41cd328ce2cb86
Build description path: ../cmake/CMakeFiles/CMakeScratch/TryCompile-tb49E9/build/XCBuildData/1d056690dca1d4ac4d41cd328ce2cb86-desc.xcbuild

note: Building targets in dependency order
CreateBuildDirectory ../cmake/CMakeFiles/CMakeScratch/TryCompile-tb49E9/Debug
    cd ../cmake/CMakeFiles/CMakeScratch/TryCompile-tb49E9/CMAKE_TRY_COMPILE.xcodeproj
    builtin-create-build-directory ../cmake/CMakeFiles/CMakeScratch/TryCompile-tb49E9/Debug

CreateBuildDirectory ../cmake/CMakeFiles/CMakeScratch/TryCompile-tb49E9/build
    cd ../cmake/CMakeFiles/CMakeScratch/TryCompile-tb49E9/CMAKE_TRY_COMPILE.xcodeproj
    builtin-create-build-directory ../cmake/CMakeFiles/CMakeScratch/TryCompile-tb49E9/build

CreateBuildDirectory ../cmake/CMakeFiles/CMakeScratch/TryCompile-tb49E9/build/EagerLinkingTBDs
    cd ../cmake/CMakeFiles/CMakeScratch/TryCompile-tb49E9/CMAKE_TRY_COMPILE.xcodeproj
    builtin-create-build-directory ../cmake/CMakeFiles/CMakeScratch/TryCompile-tb49E9/build/EagerLinkingTBDs

MkDir ../cmake/CMakeFiles/CMakeScratch/TryCompile-tb49E9/Debug/cmTC_b8fa7.app (in target 'cmTC_b8fa7' from project 'CMAKE_TRY_COMPILE')
    cd ../cmake/CMakeFiles/CMakeScratch/TryCompile-tb49E9
    /bin/mkdir -p ../cmake/CMakeFiles/CMakeScratch/TryCompile-tb49E9/Debug/cmTC_b8fa7.app

ProcessInfoPlistFile ../cmake/CMakeFiles/CMakeScratch/TryCompile-tb49E9/Debug/cmTC_b8fa7.app/Info.plist ../cmake/CMakeFiles/CMakeScratch/TryCompile-tb49E9/CMakeFiles/cmTC_b8fa7.dir/Info.plist (in target 'cmTC_b8fa7' from project 'CMAKE_TRY_COMPILE')
    cd ../cmake/CMakeFiles/CMakeScratch/TryCompile-tb49E9
    builtin-infoPlistUtility ../cmake/CMakeFiles/CMakeScratch/TryCompile-tb49E9/CMakeFiles/cmTC_b8fa7.dir/Info.plist -producttype com.apple.product-type.application -genpkginfo ../cmake/CMakeFiles/CMakeScratch/TryCompile-tb49E9/Debug/cmTC_b8fa7.app/PkgInfo -expandbuildsettings -format binary -platform iphoneos -requiredArchitecture arm64 -o ../cmake/CMakeFiles/CMakeScratch/TryCompile-tb49E9/Debug/cmTC_b8fa7.app/Info.plist

WriteAuxiliaryFile ../cmake/CMakeFiles/CMakeScratch/TryCompile-tb49E9/build/cmTC_b8fa7.build/Debug-iphoneos/Objects-normal/arm64/cmTC_b8fa7.LinkFileList (in target 'cmTC_b8fa7' from project 'CMAKE_TRY_COMPILE')
    cd ../cmake/CMakeFiles/CMakeScratch/TryCompile-tb49E9
    write-file ../cmake/CMakeFiles/CMakeScratch/TryCompile-tb49E9/build/cmTC_b8fa7.build/Debug-iphoneos/Objects-normal/arm64/cmTC_b8fa7.LinkFileList

CompileC ../cmake/CMakeFiles/CMakeScratch/TryCompile-tb49E9/build/cmTC_b8fa7.build/Debug-iphoneos/Objects-normal/arm64/src.o ../cmake/CMakeFiles/CMakeScratch/TryCompile-tb49E9/src.c normal arm64 c com.apple.compilers.llvm.clang.1_0.compiler (in target 'cmTC_b8fa7' from project 'CMAKE_TRY_COMPILE')
    cd ../cmake/CMakeFiles/CMakeScratch/TryCompile-tb49E9
    /Applications/Xcode.app/Contents/Developer/Toolchains/XcodeDefault.xctoolchain/usr/bin/clang -x c -target arm64-apple-ios11.0 -fmessage-length\=0 -fdiagnostics-show-note-include-stack -fmacro-backtrace-limit\=0 -Wno-trigraphs -fpascal-strings -O0 -Wno-missing-field-initializers -Wno-missing-prototypes -Wno-return-type -Wno-missing-braces -Wparentheses -Wswitch -Wno-unused-function -Wno-unused-label -Wno-unused-parameter -Wno-unused-variable -Wunused-value -Wno-empty-body -Wno-uninitialized -Wno-unknown-pragmas -Wno-shadow -Wno-four-char-constants -Wno-conversion -Wno-constant-conversion -Wno-int-conversion -Wno-bool-conversion -Wno-enum-conversion -Wno-float-conversion -Wno-non-literal-null-conversion -Wno-objc-literal-conversion -Wshorten-64-to-32 -Wpointer-sign -Wno-newline-eof -Wno-implicit-fallthrough -DCMAKE_INTDIR\=\"Debug-iphoneos\" -DGL_ETC1_RGB8_OES\=0 -DLD_FLAG_Z_NOEXECSTACK -isysroot /Applications/Xcode.app/Contents/Developer/Platforms/iPhoneOS.platform/Developer/SDKs/iPhoneOS16.2.sdk -fstrict-aliasing -Wdeprecated-declarations -g -Wno-sign-conversion -Wno-infinite-recursion -Wno-comma -Wno-block-capture-autoreleasing -Wno-strict-prototypes -Wno-semicolon-before-method-body -I../cmake/CMakeFiles/CMakeScratch/TryCompile-tb49E9/Debug/include -I../cmake/CMakeFiles/CMakeScratch/TryCompile-tb49E9/build/cmTC_b8fa7.build/Debug-iphoneos/DerivedSources-normal/arm64 -I../cmake/CMakeFiles/CMakeScratch/TryCompile-tb49E9/build/cmTC_b8fa7.build/Debug-iphoneos/DerivedSources/arm64 -I../cmake/CMakeFiles/CMakeScratch/TryCompile-tb49E9/build/cmTC_b8fa7.build/Debug-iphoneos/DerivedSources -F../cmake/CMakeFiles/CMakeScratch/TryCompile-tb49E9/Debug -mios-version-min\=11.0 -mios-version-min\=11.0 -Wall -Wextra -Wundef -Wshadow -Wcast-align -Wcast-qual -Wstrict-prototypes -D_DEBUG -U__STRICT_ANSI__ -MMD -MT dependencies -MF ../cmake/CMakeFiles/CMakeScratch/TryCompile-tb49E9/build/cmTC_b8fa7.build/Debug-iphoneos/Objects-normal/arm64/src.d --serialize-diagnostics ../cmake/CMakeFiles/CMakeScratch/TryCompile-tb49E9/build/cmTC_b8fa7.build/Debug-iphoneos/Objects-normal/arm64/src.dia -c ../cmake/CMakeFiles/CMakeScratch/TryCompile-tb49E9/src.c -o ../cmake/CMakeFiles/CMakeScratch/TryCompile-tb49E9/build/cmTC_b8fa7.build/Debug-iphoneos/Objects-normal/arm64/src.o

Ld ../cmake/CMakeFiles/CMakeScratch/TryCompile-tb49E9/Debug/cmTC_b8fa7.app/cmTC_b8fa7 normal (in target 'cmTC_b8fa7' from project 'CMAKE_TRY_COMPILE')
    cd ../cmake/CMakeFiles/CMakeScratch/TryCompile-tb49E9
    /Applications/Xcode.app/Contents/Developer/Toolchains/XcodeDefault.xctoolchain/usr/bin/clang -target arm64-apple-ios11.0 -isysroot /Applications/Xcode.app/Contents/Developer/Platforms/iPhoneOS.platform/Developer/SDKs/iPhoneOS16.2.sdk -L../cmake/CMakeFiles/CMakeScratch/TryCompile-tb49E9/build/EagerLinkingTBDs -L../cmake/CMakeFiles/CMakeScratch/TryCompile-tb49E9/Debug -F../cmake/CMakeFiles/CMakeScratch/TryCompile-tb49E9/build/EagerLinkingTBDs -F../cmake/CMakeFiles/CMakeScratch/TryCompile-tb49E9/Debug -filelist ../cmake/CMakeFiles/CMakeScratch/TryCompile-tb49E9/build/cmTC_b8fa7.build/Debug-iphoneos/Objects-normal/arm64/cmTC_b8fa7.LinkFileList -dead_strip -Xlinker -object_path_lto -Xlinker ../cmake/CMakeFiles/CMakeScratch/TryCompile-tb49E9/build/cmTC_b8fa7.build/Debug-iphoneos/Objects-normal/arm64/cmTC_b8fa7_lto.o -Xlinker -no_deduplicate -L/usr/local/opt/openssl@3/lib -z\ noexecstack -Wl,-headerpad_max_install_names -Xlinker -dependency_info -Xlinker ../cmake/CMakeFiles/CMakeScratch/TryCompile-tb49E9/build/cmTC_b8fa7.build/Debug-iphoneos/Objects-normal/arm64/cmTC_b8fa7_dependency_info.dat -o ../cmake/CMakeFiles/CMakeScratch/TryCompile-tb49E9/Debug/cmTC_b8fa7.app/cmTC_b8fa7
clang: error: unknown argument: '-z noexecstack'
Command Ld failed with a nonzero exit code

** BUILD FAILED **


The following build commands failed:
	Ld ../cmake/CMakeFiles/CMakeScratch/TryCompile-tb49E9/Debug/cmTC_b8fa7.app/cmTC_b8fa7 normal (in target 'cmTC_b8fa7' from project 'CMAKE_TRY_COMPILE')
(1 failure)


Source file was:
int main(void) { return 0; }

